<?xml version="1.0" encoding="UTF-8"?>
<!-- Generated by org.testng.reporters.JUnitReportReporter -->
<testsuite hostname="8c85904b6388.ant.amazon.com" failures="0" tests="2" name="test.DesignPatternsProject.DemoTest" time="6.460" errors="0" timestamp="2021-10-26T00:19:44 EEST" skipped="0">
  <testcase classname="test.DesignPatternsProject.DemoTest" name="flightTest" time="2.043"/>
  <system-out/>
  <testcase classname="test.DesignPatternsProject.DemoTest" name="flightTest" time="4.417"/>
  <system-out/>
</testsuite> <!-- test.DesignPatternsProject.DemoTest -->
